<?xml version="1.0" encoding="UTF-8"?>
<testsuite name="model.bloomfilter.TermBloomFilterTest" tests="12" skipped="0" failures="0" errors="0" timestamp="2017-10-22T07:16:52" hostname="MacBook-Pro.local" time="0.008">
  <properties/>
  <testcase name="testBloomFilter_setContainment_whenFalse" classname="model.bloomfilter.TermBloomFilterTest" time="0.001"/>
  <testcase name="testBloomFilter_setContainment_whenTrue" classname="model.bloomfilter.TermBloomFilterTest" time="0.0"/>
  <testcase name="testOptimalMethod_whenNumTermNegative_throwIllegalArg" classname="model.bloomfilter.TermBloomFilterTest" time="0.0"/>
  <testcase name="testConstructor_whenIllegalSize_throwIllegalArg" classname="model.bloomfilter.TermBloomFilterTest" time="0.0"/>
  <testcase name="testBloomFilter_whenCleared_bfIsEmpty" classname="model.bloomfilter.TermBloomFilterTest" time="0.001"/>
  <testcase name="testConstructor_whenIllegalNumHashFunctions_throwIllegalArg" classname="model.bloomfilter.TermBloomFilterTest" time="0.001"/>
  <testcase name="testOptimalMethod_whenRateLessThanZero_throwIllegalArg" classname="model.bloomfilter.TermBloomFilterTest" time="0.0"/>
  <testcase name="testOptimalMethod_whenNumTermFour_throwIllegalArg" classname="model.bloomfilter.TermBloomFilterTest" time="0.0"/>
  <testcase name="testBloomFilter_whenAddNull_bfNoChange" classname="model.bloomfilter.TermBloomFilterTest" time="0.0"/>
  <testcase name="testBloomFilter_whenAdd_bfContainsTerm" classname="model.bloomfilter.TermBloomFilterTest" time="0.001"/>
  <testcase name="testBloomFilterConstructor_getMethods" classname="model.bloomfilter.TermBloomFilterTest" time="0.0"/>
  <testcase name="testOptimalMethod_whenRateGreaterThanOne_throwIllegalArg" classname="model.bloomfilter.TermBloomFilterTest" time="0.001"/>
  <system-out><![CDATA[]]></system-out>
  <system-err><![CDATA[]]></system-err>
</testsuite>
